Feature: Alta de Catálogo # features/alta_catalogo.feature:1
  Como usuario del sistema Credicam
  Quiero poder crear un nuevo catálogo
  Para gestionar los productos del sistema
  @smoke @alta_catalogo
  Scenario: Autenticación completa con OKTA para Alta de Catálogo                                            # features/alta_catalogo.feature:7
    Given que el navegador está configurado correctamente                                                    # features/steps/alta_catalogo_steps.py:20
    And que el usuario navega a la página de login y hace clic inmediato                                     # features/steps/alta_catalogo_steps.py:85
    Then debe redirigirse a la página de autenticación de OKTA                                               # features/steps/alta_catalogo_steps.py:171
    When el usuario ingresa el usuario consultores-mobiik-okta@zucarmex.com y hace clic en Siguiente de OKTA # features/steps/alta_catalogo_steps.py:235
    And el usuario ingresa la contraseña D3s4rr0ll02025#_01 y hace clic en Verificar de OKTA con debug       # features/steps/alta_catalogo_steps.py:454
    When el usuario espera para validar manualmente la 2FA                                                   # features/steps/alta_catalogo_steps.py:678
    Then debe verificar que esté en la página principal de Zucarmex                                          # features/steps/alta_catalogo_steps.py:697
    When el usuario hace clic en Configurador                                                                # features/steps/alta_catalogo_steps.py:500
    And el usuario hace clic en Gestor de catálogos                                                          # features/steps/alta_catalogo_steps.py:520
    And el usuario hace clic en NUEVO CATÁLOGO con debug                                                     # features/steps/alta_catalogo_steps.py:560
    When el usuario llena el formulario completo con Test                                                    # features/steps/alta_catalogo_steps.py:582
    And el usuario guarda los datos generales                                                                # features/steps/alta_catalogo_steps.py:602
    When el usuario llena la estructura del catálogo con Test                                                # features/steps/alta_catalogo_steps.py:622
    And el usuario guarda la estructura del catálogo                                                         # features/steps/alta_catalogo_steps.py:642
    And debe capturar evidencias del proceso                                                                 # features/steps/alta_catalogo_steps.py:662

